<?xml version="1.0" encoding="UTF-8"?>
<!-- Generated by org.testng.reporters.JUnitReportReporter -->
<testsuite hostname="DESKTOP-TPHIHF7" name="Tests.LoginTest" tests="1" failures="0" timestamp="21 Aug 2018 17:51:54 GMT" time="8.278" errors="0">
  <testcase name="test_Dashboard" time="8.278" classname="Tests.LoginTest"/>
</testsuite> <!-- Tests.LoginTest -->
