<?xml version="1.0" encoding="UTF-8"?>
<!-- Generated by org.testng.reporters.JUnitReportReporter -->
<testsuite hostname="DESKTOP-TPHIHF7" name="Tests.LoginTest" tests="1" failures="0" timestamp="23 Aug 2018 14:51:24 GMT" time="8.954" errors="0">
  <testcase name="test_Dashboard" time="8.954" classname="Tests.LoginTest"/>
</testsuite> <!-- Tests.LoginTest -->
